<?xml version="1.0" encoding="UTF-8"?>
<!-- Generated by org.testng.reporters.JUnitReportReporter -->
<testsuite hostname="Krishna-PC" failures="0" tests="1" name="TestMaven1.CaptureScreen" time="2.790" errors="0" timestamp="2023-05-05T17:36:15 CDT" skipped="0">
  <testcase classname="TestMaven1.CaptureScreen" name="captureScreenShot" time="2.790"/>
  <system-out/>
</testsuite> <!-- TestMaven1.CaptureScreen -->
