<?xml version="1.0" encoding="UTF-8"?>
<!-- Generated by org.testng.reporters.JUnitReportReporter -->
<testsuite hostname="Krishna-PC" failures="0" tests="2" name="TestMaven1.Maven1" time="0.011" errors="0" timestamp="2023-04-26T20:41:46 CDT" skipped="0">
  <testcase classname="TestMaven1.Maven1" name="LoginTest" time="0.010"/>
  <system-out/>
  <testcase classname="TestMaven1.Maven1" name="LogoutTest" time="0.001"/>
  <system-out/>
</testsuite> <!-- TestMaven1.Maven1 -->
