<?xml version="1.0" encoding="UTF-8"?>
<!-- Generated by org.testng.reporters.JUnitReportReporter -->
<testsuite hostname="Krishna-PC" failures="0" tests="3" name="TestMaven1.Maven13" time="0.011" errors="0" timestamp="2023-05-04T10:46:27 CDT" skipped="0">
  <testcase classname="TestMaven1.Maven13" name="TestCaseThree" time="0.001"/>
  <system-out/>
  <testcase classname="TestMaven1.Maven13" name="TestCaseTwo" time="0.001"/>
  <system-out/>
  <testcase classname="TestMaven1.Maven13" name="TestCaseOne" time="0.009"/>
  <system-out/>
</testsuite> <!-- TestMaven1.Maven13 -->
