<?xml version="1.0" encoding="UTF-8"?>
<!-- Generated by org.testng.reporters.JUnitReportReporter -->
<testsuite hostname="Krishna-PC" failures="0" tests="1" name="TestMaven1.Maven3" time="0.008" errors="0" timestamp="2023-04-26T20:38:17 CDT" skipped="0">
  <testcase classname="TestMaven1.Maven3" name="testcase1" time="0.008"/>
  <system-out/>
</testsuite> <!-- TestMaven1.Maven3 -->
