<?xml version="1.0" encoding="UTF-8"?>
<!-- Generated by org.testng.reporters.JUnitReportReporter -->
<testsuite hostname="Krishna-PC" failures="0" tests="5" name="TestMaven1.SauceDemoProject" time="6.623" errors="0" timestamp="2023-05-01T10:35:33 CDT" skipped="0">
  <testcase classname="TestMaven1.SauceDemoProject" name="addToCart" time="0.642"/>
  <system-out/>
  <testcase classname="TestMaven1.SauceDemoProject" name="Login" time="4.141"/>
  <system-out/>
  <testcase classname="TestMaven1.SauceDemoProject" name="CheckOutPage" time="0.871"/>
  <system-out/>
  <testcase classname="TestMaven1.SauceDemoProject" name="productFilter" time="0.783"/>
  <system-out/>
  <testcase classname="TestMaven1.SauceDemoProject" name="ProductPage" time="0.186"/>
  <system-out/>
</testsuite> <!-- TestMaven1.SauceDemoProject -->
