<?xml version="1.0" encoding="UTF-8"?>
<!-- Generated by org.testng.reporters.JUnitReportReporter -->
<testsuite hostname="Krishna-PC" failures="0" tests="2" name="SaucesDemoProjects.JqureyUi" time="10.575" errors="0" timestamp="2023-05-03T09:08:19 CDT" skipped="0">
  <testcase classname="SaucesDemoProjects.JqureyUi" name="ValidationJqurey" time="7.056"/>
  <system-out/>
  <testcase classname="SaucesDemoProjects.JqureyUi" name="ValidateDragDrop" time="3.519"/>
  <system-out/>
</testsuite> <!-- SaucesDemoProjects.JqureyUi -->
