<?xml version="1.0" encoding="UTF-8"?>
<!-- Generated by org.testng.reporters.JUnitReportReporter -->
<testsuite hostname="Krishna-PC" failures="0" tests="1" name="TestMaven1.ClassActivities" time="4.704" errors="0" timestamp="2023-04-27T22:03:39 CDT" skipped="0">
  <testcase classname="TestMaven1.ClassActivities" name="SauceDemo" time="4.704"/>
  <system-out/>
</testsuite> <!-- TestMaven1.ClassActivities -->
