<?xml version="1.0" encoding="UTF-8"?>
<!-- Generated by org.testng.reporters.JUnitReportReporter -->
<testsuite hostname="Krishna-PC" failures="0" tests="5" name="SaucesDemoProjects.SauceDemoProject" time="10.964" errors="0" timestamp="2023-05-07T21:27:33 CDT" skipped="0">
  <testcase classname="SaucesDemoProjects.SauceDemoProject" name="Login" time="6.321"/>
  <system-out/>
  <testcase classname="SaucesDemoProjects.SauceDemoProject" name="addToCart" time="3.422"/>
  <system-out/>
  <testcase classname="SaucesDemoProjects.SauceDemoProject" name="ProductPage" time="0.220"/>
  <system-out/>
  <testcase classname="SaucesDemoProjects.SauceDemoProject" name="productFilter" time="0.472"/>
  <system-out/>
  <testcase classname="SaucesDemoProjects.SauceDemoProject" name="CheckOutPage" time="0.529"/>
  <system-out/>
</testsuite> <!-- SaucesDemoProjects.SauceDemoProject -->
