<?xml version="1.0" encoding="UTF-8"?>
<!-- Generated by org.testng.reporters.JUnitReportReporter -->
<testsuite hostname="Krishna-PC" failures="0" tests="4" name="TestMaven1.Maven5" time="0.013" errors="0" timestamp="2023-04-27T20:32:19 CDT" skipped="0">
  <testcase classname="TestMaven1.Maven5" name="testcase2" time="0.001"/>
  <system-out/>
  <testcase classname="TestMaven1.Maven5" name="testcase3" time="0.001"/>
  <system-out/>
  <testcase classname="TestMaven1.Maven5" name="testcase1" time="0.010"/>
  <system-out/>
  <testcase classname="TestMaven1.Maven5" name="testcase6" time="0.001"/>
  <system-out/>
</testsuite> <!-- TestMaven1.Maven5 -->
