<?xml version="1.0" encoding="UTF-8"?>
<!-- Generated by org.testng.reporters.JUnitReportReporter -->
<testsuite hostname="Krishna-PC" failures="0" tests="5" name="SaucesDemoProjects.SauceDemoProject" time="6.959" errors="0" timestamp="2023-05-01T22:27:23 CDT" skipped="0">
  <testcase classname="SaucesDemoProjects.SauceDemoProject" name="addToCart" time="3.357"/>
  <system-out/>
  <testcase classname="SaucesDemoProjects.SauceDemoProject" name="Login" time="2.441"/>
  <system-out/>
  <testcase classname="SaucesDemoProjects.SauceDemoProject" name="CheckOutPage" time="0.499"/>
  <system-out/>
  <testcase classname="SaucesDemoProjects.SauceDemoProject" name="productFilter" time="0.492"/>
  <system-out/>
  <testcase classname="SaucesDemoProjects.SauceDemoProject" name="ProductPage" time="0.170"/>
  <system-out/>
</testsuite> <!-- SaucesDemoProjects.SauceDemoProject -->
