<?xml version="1.0" encoding="UTF-8"?>
<!-- Generated by org.testng.reporters.JUnitReportReporter -->
<testsuite hostname="Krishna-PC" failures="0" tests="4" name="TestMaven1.Maven4" time="0.013" errors="0" timestamp="2023-04-26T20:38:01 CDT" skipped="0">
  <testcase classname="TestMaven1.Maven4" name="da" time="0.010"/>
  <system-out/>
  <testcase classname="TestMaven1.Maven4" name="ca" time="0.001"/>
  <system-out/>
  <testcase classname="TestMaven1.Maven4" name="beta" time="0.001"/>
  <system-out/>
  <testcase classname="TestMaven1.Maven4" name="alpha" time="0.001"/>
  <system-out/>
</testsuite> <!-- TestMaven1.Maven4 -->
