<?xml version="1.0" encoding="UTF-8"?>
<!-- Generated by org.testng.reporters.JUnitReportReporter -->
<testsuite hostname="Krishna-PC" failures="0" tests="5" name="SaucesDemoProjects.SauceDemoProject" time="5.479" errors="0" timestamp="2023-04-30T21:36:00 CDT" skipped="0">
  <testcase classname="SaucesDemoProjects.SauceDemoProject" name="Login" time="3.442"/>
  <system-out/>
  <testcase classname="SaucesDemoProjects.SauceDemoProject" name="addToCart" time="0.573"/>
  <system-out/>
  <testcase classname="SaucesDemoProjects.SauceDemoProject" name="CheckOutPage" time="0.634"/>
  <system-out/>
  <testcase classname="SaucesDemoProjects.SauceDemoProject" name="productFilter" time="0.663"/>
  <system-out/>
  <testcase classname="SaucesDemoProjects.SauceDemoProject" name="ProductPage" time="0.167"/>
  <system-out/>
</testsuite> <!-- SaucesDemoProjects.SauceDemoProject -->
