<?xml version="1.0" encoding="UTF-8"?>
<!-- Generated by org.testng.reporters.JUnitReportReporter -->
<testsuite hostname="Krishna-PC" failures="0" tests="2" name="TestMaven1.Maven2" time="0.005" errors="0" timestamp="2023-04-26T20:41:46 CDT" skipped="0">
  <testcase classname="TestMaven1.Maven2" name="loginTest" time="0.002"/>
  <system-out/>
  <testcase classname="TestMaven1.Maven2" name="loginTest2" time="0.003"/>
  <system-out/>
</testsuite> <!-- TestMaven1.Maven2 -->
