<?xml version="1.0" encoding="UTF-8"?>
<!-- Generated by org.testng.reporters.JUnitReportReporter -->
<testsuite hostname="Krishna-PC" failures="0" tests="2" name="TestMaven1.Maven6" time="0.013" errors="0" timestamp="2023-04-27T20:43:21 CDT" skipped="0">
  <testcase classname="TestMaven1.Maven6" name="testcaseTwo" time="0.002"/>
  <system-out/>
  <testcase classname="TestMaven1.Maven6" name="testcaseOne" time="0.011"/>
  <system-out/>
</testsuite> <!-- TestMaven1.Maven6 -->
